<?xml version="1.0" encoding="UTF-8"?>
<testng-results ignored="0" total="1" passed="1" failed="0" skipped="0">
  <reporter-output>
  </reporter-output>
  <suite started-at="2022-05-19T10:35:17 IST" name="Surefire suite" finished-at="2022-05-19T10:35:47 IST" duration-ms="30459">
    <groups>
    </groups>
    <test started-at="2022-05-19T10:35:17 IST" name="Surefire test" finished-at="2022-05-19T10:35:47 IST" duration-ms="30459">
      <class name="testcases.TC_001Test">
        <test-method signature="BaseNavigation()[pri:0, instance:testcases.TC_001Test@7748410a]" started-at="2022-05-19T10:35:17 IST" name="BaseNavigation" finished-at="2022-05-19T10:35:47 IST" duration-ms="30385" status="PASS">
          <reporter-output>
          </reporter-output>
        </test-method> <!-- BaseNavigation -->
      </class> <!-- testcases.TC_001Test -->
    </test> <!-- Surefire test -->
  </suite> <!-- Surefire suite -->
</testng-results>
